<?xml version="1.0" encoding="UTF-8"?>
<!-- Generated by org.testng.reporters.JUnitReportReporter -->
<testsuite hostname="BabuGNair" failures="0" tests="1" name="TestCase.T001SigninTest" time="37.440" errors="0" timestamp="2024-08-14T16:27:24 IST" skipped="0">
  <testcase classname="TestCase.T001SigninTest" name="SignIn" time="37.440"/>
</testsuite> <!-- TestCase.T001SigninTest -->
