<?xml version="1.0" encoding="UTF-8"?>
<!-- Generated by org.testng.reporters.JUnitReportReporter -->
<testsuite hostname="BabuGNair" failures="0" tests="1" name="TestCase.TC001SigninTest" time="25.188" errors="0" timestamp="2024-09-12T23:24:50 IST" skipped="0">
  <testcase classname="TestCase.TC001SigninTest" name="SignIn" time="25.188"/>
</testsuite> <!-- TestCase.TC001SigninTest -->
