<?xml version="1.0" encoding="UTF-8"?>
<!-- Generated by org.testng.reporters.JUnitReportReporter -->
<testsuite hostname="BabuGNair" failures="0" tests="1" name="TestCase.TC002TripPlanner" time="3.023" errors="0" timestamp="2024-10-10T00:05:56 CEST" skipped="0">
  <testcase classname="TestCase.TC002TripPlanner" name="VerifyRegPage" time="3.023"/>
</testsuite> <!-- TestCase.TC002TripPlanner -->
