<?xml version="1.0" encoding="UTF-8"?>
<!-- Generated by org.testng.reporters.JUnitReportReporter -->
<testsuite hostname="BabuGNair" failures="0" tests="1" name="TestCase.TC002TripPlanner" time="2.012" errors="0" timestamp="2024-09-07T00:56:17 IST" skipped="0">
  <testcase classname="TestCase.TC002TripPlanner" name="VerifyRegPage" time="2.012"/>
</testsuite> <!-- TestCase.TC002TripPlanner -->
