<?xml version="1.0" encoding="UTF-8"?>
<!-- Generated by org.testng.reporters.JUnitReportReporter -->
<testsuite hostname="BabuGNair" failures="0" tests="1" name="TestCase.TC001SigninTest" time="36.365" errors="0" timestamp="2024-09-21T11:58:53 IST" skipped="0">
  <testcase classname="TestCase.TC001SigninTest" name="SignIn" time="36.365"/>
</testsuite> <!-- TestCase.TC001SigninTest -->
