<?xml version="1.0" encoding="UTF-8"?>
<!-- Generated by org.testng.reporters.JUnitReportReporter -->
<testsuite hostname="BabuGNair" failures="0" tests="1" name="TestCase.TC001SigninTest" time="56.390" errors="0" timestamp="2024-10-10T00:03:18 CEST" skipped="0">
  <testcase classname="TestCase.TC001SigninTest" name="SignIn" time="56.390"/>
</testsuite> <!-- TestCase.TC001SigninTest -->
